#-----------------------------------------------------------
# Vivado v2020.2 (64-bit)
# SW Build 3064766 on Wed Nov 18 09:12:45 MST 2020
# IP Build 3064653 on Wed Nov 18 14:17:31 MST 2020
# Start of session at: Tue Feb 28 14:01:59 2023
# Process ID: 10708
# Current directory: C:/Users/xshapo02/Documents/digital-electronics-1/04-multiplexer/disp
# Command line: vivado.exe -gui_launcher_event rodinguilauncherevent12100 C:\Users\xshapo02\Documents\digital-electronics-1\04-multiplexer\disp\disp.xpr
# Log file: C:/Users/xshapo02/Documents/digital-electronics-1/04-multiplexer/disp/vivado.log
# Journal file: C:/Users/xshapo02/Documents/digital-electronics-1/04-multiplexer/disp\vivado.jou
#-----------------------------------------------------------
start_gui
open_project C:/Users/xshapo02/Documents/digital-electronics-1/04-multiplexer/disp/disp.xpr
WARNING: [filemgmt 56-3] Default IP Output Path : Could not find the directory 'C:/Users/xshapo02/Documents/digital-electronics-1/04-multiplexer/disp/disp.gen/sources_1'.
Scanning sources...
Finished scanning sources
INFO: [IP_Flow 19-234] Refreshing IP repositories
INFO: [IP_Flow 19-1704] No user IP repositories specified
INFO: [IP_Flow 19-2313] Loaded Vivado IP repository 'C:/appz/Xilinx/Vivado/2020.2/data/ip'.
update_compile_order -fileset sources_1
close [ open C:/Users/xshapo02/Documents/digital-electronics-1/04-multiplexer/disp/disp.srcs/sources_1/new/top.vhd w ]
add_files C:/Users/xshapo02/Documents/digital-electronics-1/04-multiplexer/disp/disp.srcs/sources_1/new/top.vhd
update_compile_order -fileset sources_1
update_compile_order -fileset sources_1
file mkdir C:/Users/xshapo02/Documents/digital-electronics-1/04-multiplexer/disp/disp.srcs/constrs_1
file mkdir C:/Users/xshapo02/Documents/digital-electronics-1/04-multiplexer/disp/disp.srcs/constrs_1/new
close [ open C:/Users/xshapo02/Documents/digital-electronics-1/04-multiplexer/disp/disp.srcs/constrs_1/new/nexys-a7-50t.xdc w ]
add_files -fileset constrs_1 C:/Users/xshapo02/Documents/digital-electronics-1/04-multiplexer/disp/disp.srcs/constrs_1/new/nexys-a7-50t.xdc
launch_runs impl_1 -to_step write_bitstream -jobs 4
[Tue Feb 28 14:12:28 2023] Launched synth_1...
Run output will be captured here: C:/Users/xshapo02/Documents/digital-electronics-1/04-multiplexer/disp/disp.runs/synth_1/runme.log
[Tue Feb 28 14:12:29 2023] Launched impl_1...
Run output will be captured here: C:/Users/xshapo02/Documents/digital-electronics-1/04-multiplexer/disp/disp.runs/impl_1/runme.log
open_hw_manager
connect_hw_server -allow_non_jtag
INFO: [Labtools 27-2285] Connecting to hw_server url TCP:localhost:3121
INFO: [Labtools 27-2222] Launching hw_server...
INFO: [Labtools 27-2221] Launch Output:

****** Xilinx hw_server v2020.2
  **** Build date : Nov 18 2020 at 10:01:48
    ** Copyright 1986-2020 Xilinx, Inc. All Rights Reserved.


INFO: [Labtools 27-3415] Connecting to cs_server url TCP:localhost:3042
INFO: [Labtools 27-3417] Launching cs_server...
INFO: [Labtools 27-2221] Launch Output:


******** Xilinx cs_server v2020.2
  ****** Build date   : Nov 03 2020-22:02:56
    **** Build number : 2020.2.1604437376
      ** Copyright 2017-2020 Xilinx, Inc. All Rights Reserved.



connect_hw_server: Time (s): cpu = 00:00:01 ; elapsed = 00:00:08 . Memory (MB): peak = 999.348 ; gain = 0.000
open_hw_target
INFO: [Labtoolstcl 44-466] Opening hw_target localhost:3121/xilinx_tcf/Digilent/210292AA7DE2A
open_hw_target: Time (s): cpu = 00:00:05 ; elapsed = 00:00:05 . Memory (MB): peak = 2392.930 ; gain = 1393.582
current_hw_device [get_hw_devices xc7a50t_0]
refresh_hw_device -update_hw_probes false [lindex [get_hw_devices xc7a50t_0] 0]
INFO: [Labtools 27-1434] Device xc7a50t (JTAG device index = 0) is programmed with a design that has no supported debug core(s) in it.
set_property PROBES.FILE {} [get_hw_devices xc7a50t_0]
set_property FULL_PROBES.FILE {} [get_hw_devices xc7a50t_0]
set_property PROGRAM.FILE {C:/Users/xshapo02/Documents/digital-electronics-1/04-multiplexer/disp/disp.runs/impl_1/top.bit} [get_hw_devices xc7a50t_0]
program_hw_devices [get_hw_devices xc7a50t_0]
INFO: [Labtools 27-3164] End of startup status: HIGH
refresh_hw_device [lindex [get_hw_devices xc7a50t_0] 0]
INFO: [Labtools 27-1434] Device xc7a50t (JTAG device index = 0) is programmed with a design that has no supported debug core(s) in it.
